Determining if the pthread_create exist failed with the following output:
Change Dir: /usr/src/mjpg-streamer/mjpg-streamer-experimental/CMakeFiles/CMakeTmp

Run Build Command:"/usr/bin/make" "cmTryCompileExec119211987/fast"
/usr/bin/make -f CMakeFiles/cmTryCompileExec119211987.dir/build.make CMakeFiles/cmTryCompileExec119211987.dir/build
make[1]: Entering directory '/usr/src/mjpg-streamer/mjpg-streamer-experimental/CMakeFiles/CMakeTmp'
/usr/bin/cmake -E cmake_progress_report /usr/src/mjpg-streamer/mjpg-streamer-experimental/CMakeFiles/CMakeTmp/CMakeFiles 1
Building C object CMakeFiles/cmTryCompileExec119211987.dir/CheckSymbolExists.c.o
/usr/bin/cc    -o CMakeFiles/cmTryCompileExec119211987.dir/CheckSymbolExists.c.o   -c /usr/src/mjpg-streamer/mjpg-streamer-experimental/CMakeFiles/CMakeTmp/CheckSymbolExists.c
Linking C executable cmTryCompileExec119211987
/usr/bin/cmake -E cmake_link_script CMakeFiles/cmTryCompileExec119211987.dir/link.txt --verbose=1
/usr/bin/cc       CMakeFiles/cmTryCompileExec119211987.dir/CheckSymbolExists.c.o  -o cmTryCompileExec119211987 -rdynamic 
CMakeFiles/cmTryCompileExec119211987.dir/CheckSymbolExists.c.o: In function `main':
CheckSymbolExists.c:(.text+0x38): undefined reference to `pthread_create'
collect2: error: ld returned 1 exit status
CMakeFiles/cmTryCompileExec119211987.dir/build.make:88: recipe for target 'cmTryCompileExec119211987' failed
make[1]: *** [cmTryCompileExec119211987] Error 1
make[1]: Leaving directory '/usr/src/mjpg-streamer/mjpg-streamer-experimental/CMakeFiles/CMakeTmp'
Makefile:118: recipe for target 'cmTryCompileExec119211987/fast' failed
make: *** [cmTryCompileExec119211987/fast] Error 2

File /usr/src/mjpg-streamer/mjpg-streamer-experimental/CMakeFiles/CMakeTmp/CheckSymbolExists.c:
/* */
#include <pthread.h>

int main(int argc, char** argv)
{
  (void)argv;
#ifndef pthread_create
  return ((int*)(&pthread_create))[argc];
#else
  (void)argc;
  return 0;
#endif
}

Determining if the function pthread_create exists in the pthreads failed with the following output:
Change Dir: /usr/src/mjpg-streamer/mjpg-streamer-experimental/CMakeFiles/CMakeTmp

Run Build Command:"/usr/bin/make" "cmTryCompileExec2601588627/fast"
/usr/bin/make -f CMakeFiles/cmTryCompileExec2601588627.dir/build.make CMakeFiles/cmTryCompileExec2601588627.dir/build
make[1]: Entering directory '/usr/src/mjpg-streamer/mjpg-streamer-experimental/CMakeFiles/CMakeTmp'
/usr/bin/cmake -E cmake_progress_report /usr/src/mjpg-streamer/mjpg-streamer-experimental/CMakeFiles/CMakeTmp/CMakeFiles 1
Building C object CMakeFiles/cmTryCompileExec2601588627.dir/CheckFunctionExists.c.o
/usr/bin/cc   -DCHECK_FUNCTION_EXISTS=pthread_create   -o CMakeFiles/cmTryCompileExec2601588627.dir/CheckFunctionExists.c.o   -c /usr/share/cmake-3.0/Modules/CheckFunctionExists.c
Linking C executable cmTryCompileExec2601588627
/usr/bin/cmake -E cmake_link_script CMakeFiles/cmTryCompileExec2601588627.dir/link.txt --verbose=1
/usr/bin/cc   -DCHECK_FUNCTION_EXISTS=pthread_create    CMakeFiles/cmTryCompileExec2601588627.dir/CheckFunctionExists.c.o  -o cmTryCompileExec2601588627 -rdynamic -lpthreads 
/usr/bin/ld: cannot find -lpthreads
collect2: error: ld returned 1 exit status
CMakeFiles/cmTryCompileExec2601588627.dir/build.make:88: recipe for target 'cmTryCompileExec2601588627' failed
make[1]: *** [cmTryCompileExec2601588627] Error 1
make[1]: Leaving directory '/usr/src/mjpg-streamer/mjpg-streamer-experimental/CMakeFiles/CMakeTmp'
Makefile:118: recipe for target 'cmTryCompileExec2601588627/fast' failed
make: *** [cmTryCompileExec2601588627/fast] Error 2


